<?xml version="1.0" encoding="UTF-8"?>
<!-- Generated by org.testng.reporters.JUnitXMLReporter -->
<testsuite hostname="Ravi.local" ignored="2" name="Sample RAVI Test" tests="2" failures="0" timestamp="25 Jul 2020 18:08:52 GMT" time="0.092" errors="0">
  <testcase name="logintoAccount" time="0.018" classname="com.ravi.loginTest.LoginTest"/>
  <testcase name="navigateToTask" time="0.003" classname="com.ravi.loginTest.HomeTest"/>
  <testcase name="@BeforeSuite TriggerDependencies" time="0.0" classname="com.ravi.utilities.TestBase">
    <ignored/>
  </testcase> <!-- @BeforeSuite TriggerDependencies -->
  <testcase name="@AfterSuite shuttingDownAllDependancy" time="0.0" classname="com.ravi.utilities.TestBase">
    <ignored/>
  </testcase> <!-- @AfterSuite shuttingDownAllDependancy -->
</testsuite> <!-- Sample RAVI Test -->
